2020-04-05 17:38:24,356 [Worker-0: Loading available Gradle versions] INFO  o.e.b.c.i.u.g.PublishedGradleVersions - Gradle version information cache is up-to-date. Trying to read.
2020-04-05 17:38:51,183 [ForkJoinPool.commonPool-worker-19] WARN  org.eclipse.jgit.util.FS - locking FileBasedConfig[C:\Users\Dinas\.config\jgit\config] failed after 5 retries
2020-04-05 18:27:52,741 [Worker-6: Loading available Gradle versions] INFO  o.e.b.c.i.u.g.PublishedGradleVersions - Gradle version information cache is up-to-date. Trying to read.
2020-04-06 15:58:52,801 [Worker-3: Loading available Gradle versions] INFO  o.e.b.c.i.u.g.PublishedGradleVersions - Gradle version information cache is up-to-date. Trying to read.
2020-04-06 15:58:59,790 [ForkJoinPool.commonPool-worker-19] WARN  org.eclipse.jgit.util.FS - locking FileBasedConfig[C:\Users\Dinas\.config\jgit\config] failed after 5 retries
2020-04-06 18:03:07,672 [Worker-1: Loading available Gradle versions] INFO  o.e.b.c.i.u.g.PublishedGradleVersions - Gradle version information cache is out-of-date. Trying to update.
2020-04-08 11:21:01,684 [Worker-2: Loading available Gradle versions] INFO  o.e.b.c.i.u.g.PublishedGradleVersions - Gradle version information cache is out-of-date. Trying to update.
2020-04-11 12:14:19,929 [Worker-6: Loading available Gradle versions] INFO  o.e.b.c.i.u.g.PublishedGradleVersions - Gradle version information cache is out-of-date. Trying to update.
2020-04-12 16:28:33,003 [Worker-5: Loading available Gradle versions] INFO  o.e.b.c.i.u.g.PublishedGradleVersions - Gradle version information cache is out-of-date. Trying to update.
2020-04-12 16:30:54,604 [Worker-0: Loading available Gradle versions] INFO  o.e.b.c.i.u.g.PublishedGradleVersions - Gradle version information cache is up-to-date. Trying to read.
2020-04-16 18:30:48,862 [Worker-1: Loading available Gradle versions] INFO  o.e.b.c.i.u.g.PublishedGradleVersions - Gradle version information cache is out-of-date. Trying to update.
2020-04-18 17:32:12,028 [Worker-6: Loading available Gradle versions] INFO  o.e.b.c.i.u.g.PublishedGradleVersions - Gradle version information cache is out-of-date. Trying to update.
2020-04-21 20:00:59,209 [Worker-1: Loading available Gradle versions] INFO  o.e.b.c.i.u.g.PublishedGradleVersions - Gradle version information cache is out-of-date. Trying to update.
2020-04-22 11:15:34,744 [Worker-7: Loading available Gradle versions] INFO  o.e.b.c.i.u.g.PublishedGradleVersions - Gradle version information cache is up-to-date. Trying to read.
2020-04-22 13:13:25,008 [Worker-8: Loading available Gradle versions] INFO  o.e.b.c.i.u.g.PublishedGradleVersions - Gradle version information cache is up-to-date. Trying to read.
2020-04-22 13:19:46,811 [Worker-6: Loading available Gradle versions] INFO  o.e.b.c.i.u.g.PublishedGradleVersions - Gradle version information cache is up-to-date. Trying to read.
2020-04-22 13:19:48,728 [Worker-8: Repository registry initialization] ERROR o.e.m.c.i.i.nexus.NexusIndexManager - Error changing index details workspace://
java.io.FileNotFoundException: D:\MCIT\CIT-591\Scrabble\final-project-team-35-scrabble\.metadata\.plugins\org.eclipse.m2e.core\nexus\830bc118332e77292949ed1e6d2fabe0\_4_1.del (The system cannot find the file specified)
	at java.base/java.io.RandomAccessFile.open0(Native Method) ~[na:na]
	at java.base/java.io.RandomAccessFile.open(RandomAccessFile.java:347) ~[na:na]
	at java.base/java.io.RandomAccessFile.<init>(RandomAccessFile.java:261) ~[na:na]
	at java.base/java.io.RandomAccessFile.<init>(RandomAccessFile.java:216) ~[na:na]
	at org.apache.lucene.store.FSDirectory$FSIndexInput$Descriptor.<init>(FSDirectory.java:552) ~[na:na]
	at org.apache.lucene.store.FSDirectory$FSIndexInput.<init>(FSDirectory.java:582) ~[na:na]
	at org.apache.lucene.store.FSDirectory.openInput(FSDirectory.java:488) ~[na:na]
	at org.apache.lucene.store.FSDirectory.openInput(FSDirectory.java:482) ~[na:na]
	at org.apache.lucene.util.BitVector.<init>(BitVector.java:199) ~[na:na]
	at org.apache.lucene.index.SegmentReader.loadDeletedDocs(SegmentReader.java:402) ~[na:na]
	at org.apache.lucene.index.SegmentReader.initialize(SegmentReader.java:368) ~[na:na]
	at org.apache.lucene.index.SegmentReader.get(SegmentReader.java:306) ~[na:na]
	at org.apache.lucene.index.SegmentReader.get(SegmentReader.java:236) ~[na:na]
	at org.apache.lucene.index.DocumentsWriter.applyDeletes(DocumentsWriter.java:915) ~[na:na]
	at org.apache.lucene.index.IndexWriter.applyDeletes(IndexWriter.java:4339) ~[na:na]
	at org.apache.lucene.index.IndexWriter.doFlush(IndexWriter.java:3579) ~[na:na]
	at org.apache.lucene.index.IndexWriter.flush(IndexWriter.java:3450) ~[na:na]
	at org.apache.lucene.index.IndexWriter.closeInternal(IndexWriter.java:1638) ~[na:na]
	at org.apache.lucene.index.IndexWriter.close(IndexWriter.java:1602) ~[na:na]
	at org.apache.lucene.index.IndexWriter.close(IndexWriter.java:1578) ~[na:na]
	at org.apache.maven.index.context.NexusIndexWriter.close(NexusIndexWriter.java:58) ~[na:na]
	at org.apache.maven.index.context.DefaultIndexingContext.prepareCleanIndex(DefaultIndexingContext.java:235) ~[na:na]
	at org.apache.maven.index.context.DefaultIndexingContext.prepareIndex(DefaultIndexingContext.java:205) ~[na:na]
	at org.apache.maven.index.context.DefaultIndexingContext.<init>(DefaultIndexingContext.java:173) ~[na:na]
	at org.apache.maven.index.DefaultNexusIndexer.addIndexingContextForced(DefaultNexusIndexer.java:160) ~[na:na]
	at org.eclipse.m2e.core.internal.index.nexus.NexusIndexManager.createIndexingContext(NexusIndexManager.java:963) ~[na:na]
	at org.eclipse.m2e.core.internal.index.nexus.NexusIndexManager.setIndexDetails(NexusIndexManager.java:930) ~[na:na]
	at org.eclipse.m2e.core.internal.index.nexus.NexusIndexManager.repositoryAdded(NexusIndexManager.java:876) ~[na:na]
	at org.eclipse.m2e.core.internal.repository.RepositoryRegistry.addRepository(RepositoryRegistry.java:165) ~[na:na]
	at org.eclipse.m2e.core.internal.repository.RepositoryRegistry.updateRegistry(RepositoryRegistry.java:238) ~[na:na]
	at org.eclipse.m2e.core.internal.repository.RepositoryRegistryUpdateJob.run(RepositoryRegistryUpdateJob.java:49) ~[na:na]
	at org.eclipse.core.internal.jobs.Worker.run(Worker.java:63) ~[org.eclipse.core.jobs_3.10.600.v20191122-2104.jar:na]
2020-04-22 13:19:48,736 [Worker-8: Repository registry initialization] ERROR o.e.m.c.i.r.RepositoryRegistry - Could not add repository index
org.eclipse.core.runtime.CoreException: Could not add repository index
	at org.eclipse.m2e.core.internal.index.nexus.NexusIndexManager.setIndexDetails(NexusIndexManager.java:943) ~[na:na]
	at org.eclipse.m2e.core.internal.index.nexus.NexusIndexManager.repositoryAdded(NexusIndexManager.java:876) ~[na:na]
	at org.eclipse.m2e.core.internal.repository.RepositoryRegistry.addRepository(RepositoryRegistry.java:165) ~[na:na]
	at org.eclipse.m2e.core.internal.repository.RepositoryRegistry.updateRegistry(RepositoryRegistry.java:238) ~[na:na]
	at org.eclipse.m2e.core.internal.repository.RepositoryRegistryUpdateJob.run(RepositoryRegistryUpdateJob.java:49) ~[na:na]
	at org.eclipse.core.internal.jobs.Worker.run(Worker.java:63) ~[org.eclipse.core.jobs_3.10.600.v20191122-2104.jar:na]
Caused by: java.io.FileNotFoundException: D:\MCIT\CIT-591\Scrabble\final-project-team-35-scrabble\.metadata\.plugins\org.eclipse.m2e.core\nexus\830bc118332e77292949ed1e6d2fabe0\_4_1.del (The system cannot find the file specified)
	at java.base/java.io.RandomAccessFile.open0(Native Method) ~[na:na]
	at java.base/java.io.RandomAccessFile.open(RandomAccessFile.java:347) ~[na:na]
	at java.base/java.io.RandomAccessFile.<init>(RandomAccessFile.java:261) ~[na:na]
	at java.base/java.io.RandomAccessFile.<init>(RandomAccessFile.java:216) ~[na:na]
	at org.apache.lucene.store.FSDirectory$FSIndexInput$Descriptor.<init>(FSDirectory.java:552) ~[na:na]
	at org.apache.lucene.store.FSDirectory$FSIndexInput.<init>(FSDirectory.java:582) ~[na:na]
	at org.apache.lucene.store.FSDirectory.openInput(FSDirectory.java:488) ~[na:na]
	at org.apache.lucene.store.FSDirectory.openInput(FSDirectory.java:482) ~[na:na]
	at org.apache.lucene.util.BitVector.<init>(BitVector.java:199) ~[na:na]
	at org.apache.lucene.index.SegmentReader.loadDeletedDocs(SegmentReader.java:402) ~[na:na]
	at org.apache.lucene.index.SegmentReader.initialize(SegmentReader.java:368) ~[na:na]
	at org.apache.lucene.index.SegmentReader.get(SegmentReader.java:306) ~[na:na]
	at org.apache.lucene.index.SegmentReader.get(SegmentReader.java:236) ~[na:na]
	at org.apache.lucene.index.DocumentsWriter.applyDeletes(DocumentsWriter.java:915) ~[na:na]
	at org.apache.lucene.index.IndexWriter.applyDeletes(IndexWriter.java:4339) ~[na:na]
	at org.apache.lucene.index.IndexWriter.doFlush(IndexWriter.java:3579) ~[na:na]
	at org.apache.lucene.index.IndexWriter.flush(IndexWriter.java:3450) ~[na:na]
	at org.apache.lucene.index.IndexWriter.closeInternal(IndexWriter.java:1638) ~[na:na]
	at org.apache.lucene.index.IndexWriter.close(IndexWriter.java:1602) ~[na:na]
	at org.apache.lucene.index.IndexWriter.close(IndexWriter.java:1578) ~[na:na]
	at org.apache.maven.index.context.NexusIndexWriter.close(NexusIndexWriter.java:58) ~[na:na]
	at org.apache.maven.index.context.DefaultIndexingContext.prepareCleanIndex(DefaultIndexingContext.java:235) ~[na:na]
	at org.apache.maven.index.context.DefaultIndexingContext.prepareIndex(DefaultIndexingContext.java:205) ~[na:na]
	at org.apache.maven.index.context.DefaultIndexingContext.<init>(DefaultIndexingContext.java:173) ~[na:na]
	at org.apache.maven.index.DefaultNexusIndexer.addIndexingContextForced(DefaultNexusIndexer.java:160) ~[na:na]
	at org.eclipse.m2e.core.internal.index.nexus.NexusIndexManager.createIndexingContext(NexusIndexManager.java:963) ~[na:na]
	at org.eclipse.m2e.core.internal.index.nexus.NexusIndexManager.setIndexDetails(NexusIndexManager.java:930) ~[na:na]
	... 5 common frames omitted
2020-04-22 13:19:48,754 [Worker-8: Repository registry initialization] ERROR o.e.m.c.i.i.nexus.NexusIndexManager - Error changing index details file:/C:/Users/Dinas/.m2/repository
java.io.FileNotFoundException: D:\MCIT\CIT-591\Scrabble\final-project-team-35-scrabble\.metadata\.plugins\org.eclipse.m2e.core\nexus\4ac515cd6690be4225ceb1e9cb9a3a64\_4_1.del (The system cannot find the file specified)
	at java.base/java.io.RandomAccessFile.open0(Native Method) ~[na:na]
	at java.base/java.io.RandomAccessFile.open(RandomAccessFile.java:347) ~[na:na]
	at java.base/java.io.RandomAccessFile.<init>(RandomAccessFile.java:261) ~[na:na]
	at java.base/java.io.RandomAccessFile.<init>(RandomAccessFile.java:216) ~[na:na]
	at org.apache.lucene.store.FSDirectory$FSIndexInput$Descriptor.<init>(FSDirectory.java:552) ~[na:na]
	at org.apache.lucene.store.FSDirectory$FSIndexInput.<init>(FSDirectory.java:582) ~[na:na]
	at org.apache.lucene.store.FSDirectory.openInput(FSDirectory.java:488) ~[na:na]
	at org.apache.lucene.store.FSDirectory.openInput(FSDirectory.java:482) ~[na:na]
	at org.apache.lucene.util.BitVector.<init>(BitVector.java:199) ~[na:na]
	at org.apache.lucene.index.SegmentReader.loadDeletedDocs(SegmentReader.java:402) ~[na:na]
	at org.apache.lucene.index.SegmentReader.initialize(SegmentReader.java:368) ~[na:na]
	at org.apache.lucene.index.SegmentReader.get(SegmentReader.java:306) ~[na:na]
	at org.apache.lucene.index.SegmentReader.get(SegmentReader.java:236) ~[na:na]
	at org.apache.lucene.index.DocumentsWriter.applyDeletes(DocumentsWriter.java:915) ~[na:na]
	at org.apache.lucene.index.IndexWriter.applyDeletes(IndexWriter.java:4339) ~[na:na]
	at org.apache.lucene.index.IndexWriter.doFlush(IndexWriter.java:3579) ~[na:na]
	at org.apache.lucene.index.IndexWriter.flush(IndexWriter.java:3450) ~[na:na]
	at org.apache.lucene.index.IndexWriter.closeInternal(IndexWriter.java:1638) ~[na:na]
	at org.apache.lucene.index.IndexWriter.close(IndexWriter.java:1602) ~[na:na]
	at org.apache.lucene.index.IndexWriter.close(IndexWriter.java:1578) ~[na:na]
	at org.apache.maven.index.context.NexusIndexWriter.close(NexusIndexWriter.java:58) ~[na:na]
	at org.apache.maven.index.context.DefaultIndexingContext.prepareCleanIndex(DefaultIndexingContext.java:235) ~[na:na]
	at org.apache.maven.index.context.DefaultIndexingContext.prepareIndex(DefaultIndexingContext.java:205) ~[na:na]
	at org.apache.maven.index.context.DefaultIndexingContext.<init>(DefaultIndexingContext.java:173) ~[na:na]
	at org.apache.maven.index.DefaultNexusIndexer.addIndexingContextForced(DefaultNexusIndexer.java:160) ~[na:na]
	at org.eclipse.m2e.core.internal.index.nexus.NexusIndexManager.createIndexingContext(NexusIndexManager.java:963) ~[na:na]
	at org.eclipse.m2e.core.internal.index.nexus.NexusIndexManager.setIndexDetails(NexusIndexManager.java:930) ~[na:na]
	at org.eclipse.m2e.core.internal.index.nexus.NexusIndexManager.repositoryAdded(NexusIndexManager.java:876) ~[na:na]
	at org.eclipse.m2e.core.internal.repository.RepositoryRegistry.addRepository(RepositoryRegistry.java:165) ~[na:na]
	at org.eclipse.m2e.core.internal.repository.RepositoryRegistry.updateRegistry(RepositoryRegistry.java:243) ~[na:na]
	at org.eclipse.m2e.core.internal.repository.RepositoryRegistryUpdateJob.run(RepositoryRegistryUpdateJob.java:49) ~[na:na]
	at org.eclipse.core.internal.jobs.Worker.run(Worker.java:63) ~[org.eclipse.core.jobs_3.10.600.v20191122-2104.jar:na]
2020-04-22 13:19:48,759 [Worker-8: Repository registry initialization] ERROR o.e.m.c.i.r.RepositoryRegistry - Could not add repository index
org.eclipse.core.runtime.CoreException: Could not add repository index
	at org.eclipse.m2e.core.internal.index.nexus.NexusIndexManager.setIndexDetails(NexusIndexManager.java:943) ~[na:na]
	at org.eclipse.m2e.core.internal.index.nexus.NexusIndexManager.repositoryAdded(NexusIndexManager.java:876) ~[na:na]
	at org.eclipse.m2e.core.internal.repository.RepositoryRegistry.addRepository(RepositoryRegistry.java:165) ~[na:na]
	at org.eclipse.m2e.core.internal.repository.RepositoryRegistry.updateRegistry(RepositoryRegistry.java:243) ~[na:na]
	at org.eclipse.m2e.core.internal.repository.RepositoryRegistryUpdateJob.run(RepositoryRegistryUpdateJob.java:49) ~[na:na]
	at org.eclipse.core.internal.jobs.Worker.run(Worker.java:63) ~[org.eclipse.core.jobs_3.10.600.v20191122-2104.jar:na]
Caused by: java.io.FileNotFoundException: D:\MCIT\CIT-591\Scrabble\final-project-team-35-scrabble\.metadata\.plugins\org.eclipse.m2e.core\nexus\4ac515cd6690be4225ceb1e9cb9a3a64\_4_1.del (The system cannot find the file specified)
	at java.base/java.io.RandomAccessFile.open0(Native Method) ~[na:na]
	at java.base/java.io.RandomAccessFile.open(RandomAccessFile.java:347) ~[na:na]
	at java.base/java.io.RandomAccessFile.<init>(RandomAccessFile.java:261) ~[na:na]
	at java.base/java.io.RandomAccessFile.<init>(RandomAccessFile.java:216) ~[na:na]
	at org.apache.lucene.store.FSDirectory$FSIndexInput$Descriptor.<init>(FSDirectory.java:552) ~[na:na]
	at org.apache.lucene.store.FSDirectory$FSIndexInput.<init>(FSDirectory.java:582) ~[na:na]
	at org.apache.lucene.store.FSDirectory.openInput(FSDirectory.java:488) ~[na:na]
	at org.apache.lucene.store.FSDirectory.openInput(FSDirectory.java:482) ~[na:na]
	at org.apache.lucene.util.BitVector.<init>(BitVector.java:199) ~[na:na]
	at org.apache.lucene.index.SegmentReader.loadDeletedDocs(SegmentReader.java:402) ~[na:na]
	at org.apache.lucene.index.SegmentReader.initialize(SegmentReader.java:368) ~[na:na]
	at org.apache.lucene.index.SegmentReader.get(SegmentReader.java:306) ~[na:na]
	at org.apache.lucene.index.SegmentReader.get(SegmentReader.java:236) ~[na:na]
	at org.apache.lucene.index.DocumentsWriter.applyDeletes(DocumentsWriter.java:915) ~[na:na]
	at org.apache.lucene.index.IndexWriter.applyDeletes(IndexWriter.java:4339) ~[na:na]
	at org.apache.lucene.index.IndexWriter.doFlush(IndexWriter.java:3579) ~[na:na]
	at org.apache.lucene.index.IndexWriter.flush(IndexWriter.java:3450) ~[na:na]
	at org.apache.lucene.index.IndexWriter.closeInternal(IndexWriter.java:1638) ~[na:na]
	at org.apache.lucene.index.IndexWriter.close(IndexWriter.java:1602) ~[na:na]
	at org.apache.lucene.index.IndexWriter.close(IndexWriter.java:1578) ~[na:na]
	at org.apache.maven.index.context.NexusIndexWriter.close(NexusIndexWriter.java:58) ~[na:na]
	at org.apache.maven.index.context.DefaultIndexingContext.prepareCleanIndex(DefaultIndexingContext.java:235) ~[na:na]
	at org.apache.maven.index.context.DefaultIndexingContext.prepareIndex(DefaultIndexingContext.java:205) ~[na:na]
	at org.apache.maven.index.context.DefaultIndexingContext.<init>(DefaultIndexingContext.java:173) ~[na:na]
	at org.apache.maven.index.DefaultNexusIndexer.addIndexingContextForced(DefaultNexusIndexer.java:160) ~[na:na]
	at org.eclipse.m2e.core.internal.index.nexus.NexusIndexManager.createIndexingContext(NexusIndexManager.java:963) ~[na:na]
	at org.eclipse.m2e.core.internal.index.nexus.NexusIndexManager.setIndexDetails(NexusIndexManager.java:930) ~[na:na]
	... 5 common frames omitted
2020-04-22 13:19:48,775 [Worker-8: Repository registry initialization] ERROR o.e.m.c.i.i.nexus.NexusIndexManager - Error changing index details central|https://repo.maven.apache.org/maven2
java.io.FileNotFoundException: D:\MCIT\CIT-591\Scrabble\final-project-team-35-scrabble\.metadata\.plugins\org.eclipse.m2e.core\nexus\05b0fe8524860bd73cbb07ef30fb34cc\_4_1.del (The system cannot find the file specified)
	at java.base/java.io.RandomAccessFile.open0(Native Method) ~[na:na]
	at java.base/java.io.RandomAccessFile.open(RandomAccessFile.java:347) ~[na:na]
	at java.base/java.io.RandomAccessFile.<init>(RandomAccessFile.java:261) ~[na:na]
	at java.base/java.io.RandomAccessFile.<init>(RandomAccessFile.java:216) ~[na:na]
	at org.apache.lucene.store.FSDirectory$FSIndexInput$Descriptor.<init>(FSDirectory.java:552) ~[na:na]
	at org.apache.lucene.store.FSDirectory$FSIndexInput.<init>(FSDirectory.java:582) ~[na:na]
	at org.apache.lucene.store.FSDirectory.openInput(FSDirectory.java:488) ~[na:na]
	at org.apache.lucene.store.FSDirectory.openInput(FSDirectory.java:482) ~[na:na]
	at org.apache.lucene.util.BitVector.<init>(BitVector.java:199) ~[na:na]
	at org.apache.lucene.index.SegmentReader.loadDeletedDocs(SegmentReader.java:402) ~[na:na]
	at org.apache.lucene.index.SegmentReader.initialize(SegmentReader.java:368) ~[na:na]
	at org.apache.lucene.index.SegmentReader.get(SegmentReader.java:306) ~[na:na]
	at org.apache.lucene.index.SegmentReader.get(SegmentReader.java:236) ~[na:na]
	at org.apache.lucene.index.DocumentsWriter.applyDeletes(DocumentsWriter.java:915) ~[na:na]
	at org.apache.lucene.index.IndexWriter.applyDeletes(IndexWriter.java:4339) ~[na:na]
	at org.apache.lucene.index.IndexWriter.doFlush(IndexWriter.java:3579) ~[na:na]
	at org.apache.lucene.index.IndexWriter.flush(IndexWriter.java:3450) ~[na:na]
	at org.apache.lucene.index.IndexWriter.closeInternal(IndexWriter.java:1638) ~[na:na]
	at org.apache.lucene.index.IndexWriter.close(IndexWriter.java:1602) ~[na:na]
	at org.apache.lucene.index.IndexWriter.close(IndexWriter.java:1578) ~[na:na]
	at org.apache.maven.index.context.NexusIndexWriter.close(NexusIndexWriter.java:58) ~[na:na]
	at org.apache.maven.index.context.DefaultIndexingContext.prepareCleanIndex(DefaultIndexingContext.java:235) ~[na:na]
	at org.apache.maven.index.context.DefaultIndexingContext.prepareIndex(DefaultIndexingContext.java:205) ~[na:na]
	at org.apache.maven.index.context.DefaultIndexingContext.<init>(DefaultIndexingContext.java:173) ~[na:na]
	at org.apache.maven.index.DefaultNexusIndexer.addIndexingContextForced(DefaultNexusIndexer.java:160) ~[na:na]
	at org.eclipse.m2e.core.internal.index.nexus.NexusIndexManager.createIndexingContext(NexusIndexManager.java:963) ~[na:na]
	at org.eclipse.m2e.core.internal.index.nexus.NexusIndexManager.setIndexDetails(NexusIndexManager.java:930) ~[na:na]
	at org.eclipse.m2e.core.internal.index.nexus.NexusIndexManager.repositoryAdded(NexusIndexManager.java:876) ~[na:na]
	at org.eclipse.m2e.core.internal.repository.RepositoryRegistry.addRepository(RepositoryRegistry.java:165) ~[na:na]
	at org.eclipse.m2e.core.internal.repository.RepositoryRegistry.updateRegistry(RepositoryRegistry.java:265) ~[na:na]
	at org.eclipse.m2e.core.internal.repository.RepositoryRegistryUpdateJob.run(RepositoryRegistryUpdateJob.java:49) ~[na:na]
	at org.eclipse.core.internal.jobs.Worker.run(Worker.java:63) ~[org.eclipse.core.jobs_3.10.600.v20191122-2104.jar:na]
2020-04-22 13:19:48,780 [Worker-8: Repository registry initialization] ERROR o.e.m.c.i.r.RepositoryRegistry - Could not add repository index
org.eclipse.core.runtime.CoreException: Could not add repository index
	at org.eclipse.m2e.core.internal.index.nexus.NexusIndexManager.setIndexDetails(NexusIndexManager.java:943) ~[na:na]
	at org.eclipse.m2e.core.internal.index.nexus.NexusIndexManager.repositoryAdded(NexusIndexManager.java:876) ~[na:na]
	at org.eclipse.m2e.core.internal.repository.RepositoryRegistry.addRepository(RepositoryRegistry.java:165) ~[na:na]
	at org.eclipse.m2e.core.internal.repository.RepositoryRegistry.updateRegistry(RepositoryRegistry.java:265) ~[na:na]
	at org.eclipse.m2e.core.internal.repository.RepositoryRegistryUpdateJob.run(RepositoryRegistryUpdateJob.java:49) ~[na:na]
	at org.eclipse.core.internal.jobs.Worker.run(Worker.java:63) ~[org.eclipse.core.jobs_3.10.600.v20191122-2104.jar:na]
Caused by: java.io.FileNotFoundException: D:\MCIT\CIT-591\Scrabble\final-project-team-35-scrabble\.metadata\.plugins\org.eclipse.m2e.core\nexus\05b0fe8524860bd73cbb07ef30fb34cc\_4_1.del (The system cannot find the file specified)
	at java.base/java.io.RandomAccessFile.open0(Native Method) ~[na:na]
	at java.base/java.io.RandomAccessFile.open(RandomAccessFile.java:347) ~[na:na]
	at java.base/java.io.RandomAccessFile.<init>(RandomAccessFile.java:261) ~[na:na]
	at java.base/java.io.RandomAccessFile.<init>(RandomAccessFile.java:216) ~[na:na]
	at org.apache.lucene.store.FSDirectory$FSIndexInput$Descriptor.<init>(FSDirectory.java:552) ~[na:na]
	at org.apache.lucene.store.FSDirectory$FSIndexInput.<init>(FSDirectory.java:582) ~[na:na]
	at org.apache.lucene.store.FSDirectory.openInput(FSDirectory.java:488) ~[na:na]
	at org.apache.lucene.store.FSDirectory.openInput(FSDirectory.java:482) ~[na:na]
	at org.apache.lucene.util.BitVector.<init>(BitVector.java:199) ~[na:na]
	at org.apache.lucene.index.SegmentReader.loadDeletedDocs(SegmentReader.java:402) ~[na:na]
	at org.apache.lucene.index.SegmentReader.initialize(SegmentReader.java:368) ~[na:na]
	at org.apache.lucene.index.SegmentReader.get(SegmentReader.java:306) ~[na:na]
	at org.apache.lucene.index.SegmentReader.get(SegmentReader.java:236) ~[na:na]
	at org.apache.lucene.index.DocumentsWriter.applyDeletes(DocumentsWriter.java:915) ~[na:na]
	at org.apache.lucene.index.IndexWriter.applyDeletes(IndexWriter.java:4339) ~[na:na]
	at org.apache.lucene.index.IndexWriter.doFlush(IndexWriter.java:3579) ~[na:na]
	at org.apache.lucene.index.IndexWriter.flush(IndexWriter.java:3450) ~[na:na]
	at org.apache.lucene.index.IndexWriter.closeInternal(IndexWriter.java:1638) ~[na:na]
	at org.apache.lucene.index.IndexWriter.close(IndexWriter.java:1602) ~[na:na]
	at org.apache.lucene.index.IndexWriter.close(IndexWriter.java:1578) ~[na:na]
	at org.apache.maven.index.context.NexusIndexWriter.close(NexusIndexWriter.java:58) ~[na:na]
	at org.apache.maven.index.context.DefaultIndexingContext.prepareCleanIndex(DefaultIndexingContext.java:235) ~[na:na]
	at org.apache.maven.index.context.DefaultIndexingContext.prepareIndex(DefaultIndexingContext.java:205) ~[na:na]
	at org.apache.maven.index.context.DefaultIndexingContext.<init>(DefaultIndexingContext.java:173) ~[na:na]
	at org.apache.maven.index.DefaultNexusIndexer.addIndexingContextForced(DefaultNexusIndexer.java:160) ~[na:na]
	at org.eclipse.m2e.core.internal.index.nexus.NexusIndexManager.createIndexingContext(NexusIndexManager.java:963) ~[na:na]
	at org.eclipse.m2e.core.internal.index.nexus.NexusIndexManager.setIndexDetails(NexusIndexManager.java:930) ~[na:na]
	... 5 common frames omitted
